<?xml version="1.0" encoding="UTF-8"?>
<testsuite xmlns:xsi="http://www.w3.org/2001/XMLSchema-instance" xsi:noNamespaceSchemaLocation="https://maven.apache.org/surefire/maven-surefire-plugin/xsd/surefire-test-report-3.0.xsd" version="3.0" name="com.spring.boot.crud.learn.LearnApplicationTests" time="6.929" tests="1" errors="0" skipped="0" failures="0">
  <properties>
[...]
</properties>
  <testcase name="contextLoads" classname="com.spring.boot.crud.learn.LearnApplicationTests" time="0.589">
    <system-out><![CDATA[23:26:09.936 [main] INFO org.springframework.test.context.support.AnnotationConfigContextLoaderUtils -- Could not detect default configuration classes for test class [com.spring.boot.crud.learn.LearnApplicationTests]: LearnApplicationTests does not declare any static, non-private, non-final, nested classes annotated with @Configuration.
23:26:10.048 [main] INFO org.springframework.boot.test.context.SpringBootTestContextBootstrapper -- Found @SpringBootConfiguration com.spring.boot.crud.learn.LearnApplication for test class com.spring.boot.crud.learn.LearnApplicationTests
2023-07-19T23:26:10.699+09:00 DEBUG 47000 --- [           main] o.s.w.c.s.GenericWebApplicationContext   : Refreshing org.springframework.web.context.support.GenericWebApplicationContext@3bd55d8
2023-07-19T23:26:15.317+09:00 DEBUG 47000 --- [           main] org.hibernate.SQL                        : alter table employees modify column created_at  datetime(6)
2023-07-19T23:26:15.326+09:00 DEBUG 47000 --- [           main] org.hibernate.SQL                        : alter table employees modify column deleted_at  datetime(6)
2023-07-19T23:26:15.334+09:00 DEBUG 47000 --- [           main] org.hibernate.SQL                        : alter table employees modify column updated_at  datetime(6)
2023-07-19T23:26:15.598+09:00  WARN 47000 --- [           main] JpaBaseConfiguration$JpaWebConfiguration : spring.jpa.open-in-view is enabled by default. Therefore, database queries may be performed during view rendering. Explicitly configure spring.jpa.open-in-view to disable this warning
2023-07-19T23:26:15.733+09:00 DEBUG 47000 --- [           main] s.w.s.m.m.a.RequestMappingHandlerAdapter : ControllerAdvice beans: 0 @ModelAttribute, 0 @InitBinder, 1 RequestBodyAdvice, 1 ResponseBodyAdvice
2023-07-19T23:26:15.806+09:00 DEBUG 47000 --- [           main] s.w.s.m.m.a.RequestMappingHandlerMapping : 13 mappings in 'requestMappingHandlerMapping'
2023-07-19T23:26:15.827+09:00 DEBUG 47000 --- [           main] o.s.w.s.handler.SimpleUrlHandlerMapping  : Patterns [/webjars/**, /**] in 'resourceHandlerMapping'
2023-07-19T23:26:15.837+09:00 DEBUG 47000 --- [           main] .m.m.a.ExceptionHandlerExceptionResolver : ControllerAdvice beans: 1 @ExceptionHandler, 1 ResponseBodyAdvice
2023-07-19T23:26:15.873+09:00  WARN 47000 --- [           main] o.thymeleaf.templatemode.TemplateMode    : [THYMELEAF][main] Unknown Template Mode 'HTML5'. Must be one of: 'HTML', 'XML', 'TEXT', 'JAVASCRIPT', 'CSS', 'RAW'. Using default Template Mode 'HTML'.
2023-07-19T23:26:16.021+09:00 DEBUG 47000 --- [           main] o.s.w.s.v.f.FreeMarkerConfigurer         : File system access not preferred: using SpringTemplateLoader
]]></system-out>
  </testcase>
</testsuite>